#
# There is insufficient memory for the Java Runtime Environment to continue.
# Native memory allocation (malloc) failed to allocate 714816 bytes for Chunk::new
# Possible reasons:
#   The system is out of physical RAM or swap space
#   The process is running with CompressedOops enabled, and the Java Heap may be blocking the growth of the native heap
# Possible solutions:
#   Reduce memory load on the system
#   Increase physical memory or swap space
#   Check if swap backing store is full
#   Decrease Java heap size (-Xmx/-Xms)
#   Decrease number of Java threads
#   Decrease Java thread stack sizes (-Xss)
#   Set larger code cache with -XX:ReservedCodeCacheSize=
#   JVM is running with Unscaled Compressed Oops mode in which the Java heap is
#     placed in the first 4GB address space. The Java Heap base address is the
#     maximum limit for the native heap growth. Please use -XX:HeapBaseMinAddress
#     to set the Java Heap base and to place the Java Heap above 4GB virtual address.
# This output file may be truncated or incomplete.
#
#  Out of Memory Error (allocation.cpp:389), pid=12904, tid=0x00000000000026d8
#
# JRE version: OpenJDK Runtime Environment (8.0_242-b01) (build 1.8.0_242-release-1644-b01)
# Java VM: OpenJDK 64-Bit Server VM (25.242-b01 mixed mode windows-amd64 compressed oops)
# Failed to write core dump. Minidumps are not enabled by default on client versions of Windows
#

---------------  T H R E A D  ---------------

Current thread (0x0000000019966000):  JavaThread "C2 CompilerThread2" daemon [_thread_in_native, id=9944, stack(0x000000001b170000,0x000000001b270000)]

Stack: [0x000000001b170000,0x000000001b270000]
[error occurred during error reporting (printing stack bounds), id 0xc0000005]

Native frames: (J=compiled Java code, j=interpreted, Vv=VM code, C=native code)


Current CompileTask:
C2:10905240 26769       4       com.android.tools.r8.ir.optimize.l::m (763 bytes)


---------------  P R O C E S S  ---------------

Java Threads: ( => current thread )
  0x00000000205ed000 JavaThread "WorkerExecutor Queue Thread 11" [_thread_blocked, id=15760, stack(0x000000002eb00000,0x000000002ec00000)]
  0x00000000205ec800 JavaThread "Cache worker for Java compile cache (E:\.WORK\.Dev-Java\MobileProjects\Diary\.gradle\6.1.1\javaCompile)" [_thread_blocked, id=7492, stack(0x0000000033180000,0x0000000033280000)]
  0x00000000205e7800 JavaThread "WorkerExecutor Queue Thread 10" [_thread_in_native, id=1256, stack(0x0000000033830000,0x0000000033930000)]
  0x00000000205e3000 JavaThread "stdout" [_thread_in_native, id=7656, stack(0x0000000033080000,0x0000000033180000)]
  0x00000000205e6000 JavaThread "stderr" [_thread_in_native, id=4352, stack(0x0000000032f80000,0x0000000033080000)]
  0x00000000205e2800 JavaThread "stdout" [_thread_in_native, id=9960, stack(0x0000000032c80000,0x0000000032d80000)]
  0x0000000021103800 JavaThread "stderr" [_thread_in_native, id=14032, stack(0x0000000032b80000,0x0000000032c80000)]
  0x0000000021103000 JavaThread "stdout" [_thread_in_native, id=10108, stack(0x0000000032a80000,0x0000000032b80000)]
  0x0000000021105000 JavaThread "stderr" [_thread_in_native, id=13336, stack(0x0000000032980000,0x0000000032a80000)]
  0x0000000021106000 JavaThread "stdout" [_thread_in_native, id=9728, stack(0x0000000032880000,0x0000000032980000)]
  0x00000000210fb800 JavaThread "stderr" [_thread_in_native, id=14112, stack(0x00000000322d0000,0x00000000323d0000)]
  0x0000000021101800 JavaThread "stdout" [_thread_in_native, id=452, stack(0x0000000031b90000,0x0000000031c90000)]
  0x0000000021100800 JavaThread "stderr" [_thread_in_native, id=5476, stack(0x0000000031a90000,0x0000000031b90000)]
  0x0000000021100000 JavaThread "stdout" [_thread_in_native, id=10804, stack(0x0000000031990000,0x0000000031a90000)]
  0x00000000210f8800 JavaThread "stderr" [_thread_in_native, id=15592, stack(0x0000000031890000,0x0000000031990000)]
  0x000000002587a800 JavaThread "WorkerExecutor Queue" [_thread_blocked, id=10856, stack(0x000000002ea00000,0x000000002eb00000)]
  0x0000000025874800 JavaThread "stdout" [_thread_in_native, id=14684, stack(0x000000002e900000,0x000000002ea00000)]
  0x0000000025873800 JavaThread "stderr" [_thread_in_native, id=4440, stack(0x000000002e800000,0x000000002e900000)]
  0x0000000025870000 JavaThread "pool-27-thread-1" [_thread_blocked, id=7412, stack(0x000000002e700000,0x000000002e800000)]
  0x0000000025872000 JavaThread "Cache worker for execution history cache (E:\.WORK\.Dev-Java\MobileProjects\Diary\.gradle\6.1.1\executionHistory)" [_thread_blocked, id=14676, stack(0x000000002e600000,0x000000002e700000)]
  0x0000000025871800 JavaThread "Execution worker for ':' Thread 11" [_thread_in_Java, id=13136, stack(0x000000002f900000,0x000000002fa00000)]
  0x0000000020ba3000 JavaThread "Execution worker for ':' Thread 10" [_thread_in_Java, id=8700, stack(0x000000002f800000,0x000000002f900000)]
  0x0000000020ba9800 JavaThread "Execution worker for ':' Thread 9" [_thread_in_Java, id=3980, stack(0x000000002f700000,0x000000002f800000)]
  0x0000000020ba9000 JavaThread "Execution worker for ':' Thread 8" [_thread_in_native, id=3132, stack(0x000000002f600000,0x000000002f700000)]
  0x0000000020ba8000 JavaThread "Execution worker for ':' Thread 7" [_thread_in_native, id=7248, stack(0x000000002f500000,0x000000002f600000)]
  0x0000000020ba3800 JavaThread "Execution worker for ':' Thread 6" [_thread_in_Java, id=16184, stack(0x000000002f400000,0x000000002f500000)]
  0x0000000020ba6000 JavaThread "Execution worker for ':' Thread 5" [_thread_in_Java, id=13956, stack(0x000000002f300000,0x000000002f400000)]
  0x0000000020ba6800 JavaThread "Execution worker for ':' Thread 4" [_thread_in_Java, id=13800, stack(0x000000002f200000,0x000000002f300000)]
  0x0000000020ba5000 JavaThread "Execution worker for ':' Thread 3" [_thread_in_Java, id=4704, stack(0x000000002f100000,0x000000002f200000)]
  0x0000000020ba4800 JavaThread "Execution worker for ':' Thread 2" [_thread_blocked, id=1744, stack(0x000000002f000000,0x000000002f100000)]
  0x0000000020ba7800 JavaThread "Execution worker for ':'" [_thread_in_vm, id=12012, stack(0x000000002ecf0000,0x000000002edf0000)]
  0x0000000020ba1800 JavaThread "Cache worker for file content cache (E:\.WORK\.Dev-Java\MobileProjects\Diary\.gradle\6.1.1\fileContent)" [_thread_blocked, id=11492, stack(0x000000002e500000,0x000000002e600000)]
  0x0000000020b9f000 JavaThread "Cache worker for Build Output Cleanup Cache (E:\.WORK\.Dev-Java\MobileProjects\Diary\.gradle\buildOutputCleanup)" [_thread_blocked, id=10056, stack(0x000000002de00000,0x000000002df00000)]
  0x0000000020b9c000 JavaThread "Build operations Thread 12" [_thread_blocked, id=4664, stack(0x000000002dd00000,0x000000002de00000)]
  0x0000000020b9d000 JavaThread "Build operations Thread 11" [_thread_blocked, id=8608, stack(0x000000002cf30000,0x000000002d030000)]
  0x0000000020ba0800 JavaThread "Build operations Thread 10" [_thread_blocked, id=15840, stack(0x000000002ab30000,0x000000002ac30000)]
  0x0000000020b9e800 JavaThread "Build operations Thread 9" [_thread_blocked, id=11296, stack(0x0000000028930000,0x0000000028a30000)]
  0x0000000029e31000 JavaThread "Build operations Thread 8" [_thread_blocked, id=8768, stack(0x00000000273e0000,0x00000000274e0000)]
  0x0000000029e2e000 JavaThread "Build operations Thread 7" [_thread_blocked, id=8708, stack(0x0000000026ee0000,0x0000000026fe0000)]
  0x0000000029e2e800 JavaThread "Build operations Thread 6" [_thread_blocked, id=10268, stack(0x0000000026de0000,0x0000000026ee0000)]
  0x0000000029e2f800 JavaThread "Build operations Thread 5" [_thread_blocked, id=8820, stack(0x0000000026ae0000,0x0000000026be0000)]
  0x0000000029e2d000 JavaThread "Build operations Thread 4" [_thread_blocked, id=9644, stack(0x00000000269e0000,0x0000000026ae0000)]
  0x0000000029e30000 JavaThread "Build operations Thread 3" [_thread_blocked, id=14424, stack(0x00000000268e0000,0x00000000269e0000)]
  0x0000000029e25800 JavaThread "Build operations Thread 2" [_thread_blocked, id=15304, stack(0x00000000267e0000,0x00000000268e0000)]
  0x0000000029e2c800 JavaThread "Build operations" [_thread_blocked, id=16160, stack(0x00000000266e0000,0x00000000267e0000)]
  0x0000000029e2b800 JavaThread "Cache worker for cache directory md-rule (C:\Users\MSI\.gradle\caches\6.1.1\md-rule)" [_thread_blocked, id=7124, stack(0x0000000025340000,0x0000000025440000)]
  0x0000000029e2a000 JavaThread "Cache worker for cache directory md-supplier (C:\Users\MSI\.gradle\caches\6.1.1\md-supplier)" [_thread_blocked, id=10892, stack(0x0000000024df0000,0x0000000024ef0000)]
  0x0000000029e22800 JavaThread "Cache worker for file hash cache (E:\.WORK\.Dev-Java\MobileProjects\Diary\.gradle\6.1.1\fileHashes)" [_thread_blocked, id=4144, stack(0x00000000238e0000,0x00000000239e0000)]
  0x0000000029e23800 JavaThread "Cache worker for checksums cache (E:\.WORK\.Dev-Java\MobileProjects\Diary\.gradle\checksums)" [_thread_blocked, id=3152, stack(0x0000000021ab0000,0x0000000021bb0000)]
  0x0000000029e26800 JavaThread "Thread-376" [_thread_blocked, id=12776, stack(0x000000001f5a0000,0x000000001f6a0000)]
  0x0000000029e29800 JavaThread "Stdin handler" [_thread_blocked, id=11352, stack(0x000000001eda0000,0x000000001eea0000)]
  0x0000000029e25000 JavaThread "Asynchronous log dispatcher for DefaultDaemonConnection: socket connection from /127.0.0.1:55932 to /127.0.0.1:56874" [_thread_blocked, id=2360, stack(0x000000001e7a0000,0x000000001e8a0000)]
  0x0000000029e24000 JavaThread "Daemon worker Thread 8" [_thread_in_Java, id=1712, stack(0x000000001e6a0000,0x000000001e7a0000)]
  0x0000000029e22000 JavaThread "Cancel handler" [_thread_blocked, id=3272, stack(0x00000000012a0000,0x00000000013a0000)]
  0x0000000029e28800 JavaThread "Handler for socket connection from /127.0.0.1:55932 to /127.0.0.1:56874" [_thread_in_native, id=12364, stack(0x00000000011a0000,0x00000000012a0000)]
  0x0000000029e27000 JavaThread "Daemon Thread 8" [_thread_blocked, id=10440, stack(0x00000000010a0000,0x00000000011a0000)]
  0x0000000020ba0000 JavaThread "Cache worker for Java compile cache (C:\Users\MSI\.gradle\caches\6.1.1\javaCompile)" [_thread_blocked, id=6948, stack(0x000000002fa20000,0x000000002fb20000)]
  0x0000000025877800 JavaThread "Cache worker for file content cache (C:\Users\MSI\.gradle\caches\6.1.1\fileContent)" [_thread_blocked, id=16100, stack(0x000000002e000000,0x000000002e100000)]
  0x000000002587c800 JavaThread "Memory manager" [_thread_blocked, id=14320, stack(0x000000002df00000,0x000000002e000000)]
  0x000000001d3e4000 JavaThread "Cache worker for execution history cache (C:\Users\MSI\.gradle\caches\6.1.1\executionHistory)" [_thread_blocked, id=1248, stack(0x0000000022fe0000,0x00000000230e0000)]
  0x000000001d3e2800 JavaThread "Cache worker for file hash cache (C:\Users\MSI\.gradle\caches\6.1.1\fileHashes)" [_thread_blocked, id=3676, stack(0x000000001f4a0000,0x000000001f5a0000)]
  0x000000001d3e3000 JavaThread "File lock request listener" [_thread_in_native, id=6500, stack(0x000000001f3a0000,0x000000001f4a0000)]
  0x000000001d74e800 JavaThread "Cache worker for journal cache (C:\Users\MSI\.gradle\caches\journal-1)" [_thread_blocked, id=11984, stack(0x000000001f2a0000,0x000000001f3a0000)]
  0x000000001d1d4800 JavaThread "Daemon periodic checks" [_thread_blocked, id=4844, stack(0x000000001e5a0000,0x000000001e6a0000)]
  0x000000001d1bf800 JavaThread "Incoming local TCP Connector on port 55932" [_thread_in_native, id=10504, stack(0x000000001e350000,0x000000001e450000)]
  0x000000001d1ad000 JavaThread "Daemon health stats" [_thread_blocked, id=940, stack(0x000000001dd10000,0x000000001de10000)]
  0x00000000199ef800 JavaThread "Service Thread" daemon [_thread_blocked, id=8816, stack(0x000000001b370000,0x000000001b470000)]
  0x0000000019967000 JavaThread "C1 CompilerThread3" daemon [_thread_in_native, id=13616, stack(0x000000001b270000,0x000000001b370000)]
=>0x0000000019966000 JavaThread "C2 CompilerThread2" daemon [_thread_in_native, id=9944, stack(0x000000001b170000,0x000000001b270000)]
  0x000000001991c800 JavaThread "C2 CompilerThread1" daemon [_thread_in_native, id=9388, stack(0x000000001b070000,0x000000001b170000)]
  0x0000000019915000 JavaThread "C2 CompilerThread0" daemon [_thread_in_native, id=3624, stack(0x000000001af70000,0x000000001b070000)]
  0x0000000019912000 JavaThread "Attach Listener" daemon [_thread_blocked, id=16284, stack(0x000000001ae70000,0x000000001af70000)]
  0x0000000019961800 JavaThread "Signal Dispatcher" daemon [_thread_blocked, id=7552, stack(0x000000001ad70000,0x000000001ae70000)]
  0x0000000002fba000 JavaThread "Finalizer" daemon [_thread_blocked, id=5764, stack(0x000000001ab70000,0x000000001ac70000)]
  0x0000000019903000 JavaThread "Reference Handler" daemon [_thread_blocked, id=6724, stack(0x000000001aa70000,0x000000001ab70000)]
  0x0000000002ec2800 JavaThread "main" [_thread_blocked, id=13388, stack(0x0000000002d60000,0x0000000002e60000)]

Other Threads:
  0x0000000018226000 VMThread [stack: 0x000000001a970000,0x000000001aa70000] [id=6204]
  0x00000000199f1000 WatcherThread [stack: 0x000000001b470000,0x000000001b570000] [id=632]

VM state:not at safepoint (normal execution)

VM Mutex/Monitor currently owned by a thread: None

heap address: 0x0000000080000000, size: 2048 MB, Compressed Oops mode: 32-bit
Narrow klass base: 0x0000000000000000, Narrow klass shift: 3
Compressed class space size: 1073741824 Address: 0x0000000100000000

Heap:
 PSYoungGen      total 619520K, used 188336K [0x00000000d5580000, 0x0000000100000000, 0x0000000100000000)
  eden space 567808K, 24% used [0x00000000d5580000,0x00000000ddaed978,0x00000000f8000000)
  from space 51712K, 99% used [0x00000000fc980000,0x00000000ffbfe6f8,0x00000000ffc00000)
  to   space 65536K, 0% used [0x00000000f8000000,0x00000000f8000000,0x00000000fc000000)
 ParOldGen       total 451072K, used 90310K [0x0000000080000000, 0x000000009b880000, 0x00000000d5580000)
  object space 451072K, 20% used [0x0000000080000000,0x00000000858318c0,0x000000009b880000)
 Metaspace       used 149857K, capacity 157033K, committed 164336K, reserved 1191936K
  class space    used 19343K, capacity 20707K, committed 22192K, reserved 1048576K

Card table byte_map: [0x0000000012380000,0x0000000012790000] byte_map_base: 0x0000000011f80000

Marking Bits: (ParMarkBitMap*) 0x000000005c35f030
 Begin Bits: [0x0000000013440000, 0x0000000015440000)
 End Bits:   [0x0000000015440000, 0x0000000017440000)

Polling page: 0x0000000001440000

CodeCache: size=245760Kb used=71652Kb max_used=71726Kb free=174107Kb
 bounds [0x0000000002fc0000, 0x0000000007640000, 0x0000000011fc0000]
 total_blobs=21574 nmethods=20615 adapters=868
 compilation: enabled

Compilation events (10 events):
Event: 10905.193 Thread 0x0000000019967000 26810       2       com.android.tools.r8.u.c.Z::a (911 bytes)
Event: 10905.206 Thread 0x0000000019967000 nmethod 26810 0x0000000005e15190 code [0x0000000005e15900, 0x0000000005e18718]
Event: 10905.208 Thread 0x0000000019967000 26823 %     3       com.android.tools.r8.v.a.a.a.f.K::a @ 85 (981 bytes)
Event: 10905.213 Thread 0x0000000019967000 nmethod 26823% 0x0000000007632d50 code [0x0000000007633100, 0x00000000076369d0]
Event: 10905.215 Thread 0x0000000019967000 26820 %     3       com.android.tools.r8.u.b.W::a @ 8 (70 bytes)
Event: 10905.217 Thread 0x0000000019967000 nmethod 26820% 0x000000000447f310 code [0x000000000447f580, 0x00000000044805c8]
Event: 10905.220 Thread 0x0000000019967000 26817   !   2       com.android.tools.r8.ir.conversion.O::a (322 bytes)
Event: 10905.222 Thread 0x0000000019967000 nmethod 26817 0x000000000362a190 code [0x000000000362a420, 0x000000000362adb8]
Event: 10905.229 Thread 0x0000000019967000 26811       2       com.android.tools.r8.u.a.i.e::a (147 bytes)
Event: 10905.231 Thread 0x0000000019967000 nmethod 26811 0x00000000046e0cd0 code [0x00000000046e0f20, 0x00000000046e1798]

GC Heap History (10 events):
Event: 4114.822 GC heap before
{Heap before GC invocations=31 (full 4):
 PSYoungGen      total 485888K, used 485881K [0x00000000d5580000, 0x00000000f8680000, 0x0000000100000000)
  eden space 445952K, 100% used [0x00000000d5580000,0x00000000f0900000,0x00000000f0900000)
  from space 39936K, 99% used [0x00000000f4000000,0x00000000f66fe6a0,0x00000000f6700000)
  to   space 56320K, 0% used [0x00000000f0900000,0x00000000f0900000,0x00000000f4000000)
 ParOldGen       total 389120K, used 141531K [0x0000000080000000, 0x0000000097c00000, 0x00000000d5580000)
  object space 389120K, 36% used [0x0000000080000000,0x0000000088a36c48,0x0000000097c00000)
 Metaspace       used 153245K, capacity 163619K, committed 163752K, reserved 1191936K
  class space    used 20160K, capacity 22070K, committed 22192K, reserved 1048576K
Event: 4114.860 GC heap after
Heap after GC invocations=31 (full 4):
 PSYoungGen      total 502272K, used 19156K [0x00000000d5580000, 0x00000000fa500000, 0x0000000100000000)
  eden space 445952K, 0% used [0x00000000d5580000,0x00000000d5580000,0x00000000f0900000)
  from space 56320K, 34% used [0x00000000f0900000,0x00000000f1bb51d0,0x00000000f4000000)
  to   space 54272K, 0% used [0x00000000f7000000,0x00000000f7000000,0x00000000fa500000)
 ParOldGen       total 389120K, used 171072K [0x0000000080000000, 0x0000000097c00000, 0x00000000d5580000)
  object space 389120K, 43% used [0x0000000080000000,0x000000008a710308,0x0000000097c00000)
 Metaspace       used 153245K, capacity 163619K, committed 163752K, reserved 1191936K
  class space    used 20160K, capacity 22070K, committed 22192K, reserved 1048576K
}
Event: 4114.927 GC heap before
{Heap before GC invocations=32 (full 4):
 PSYoungGen      total 502272K, used 29568K [0x00000000d5580000, 0x00000000fa500000, 0x0000000100000000)
  eden space 445952K, 2% used [0x00000000d5580000,0x00000000d5faaf70,0x00000000f0900000)
  from space 56320K, 34% used [0x00000000f0900000,0x00000000f1bb51d0,0x00000000f4000000)
  to   space 54272K, 0% used [0x00000000f7000000,0x00000000f7000000,0x00000000fa500000)
 ParOldGen       total 389120K, used 171072K [0x0000000080000000, 0x0000000097c00000, 0x00000000d5580000)
  object space 389120K, 43% used [0x0000000080000000,0x000000008a710308,0x0000000097c00000)
 Metaspace       used 153489K, capacity 164333K, committed 164336K, reserved 1191936K
  class space    used 20224K, capacity 22189K, committed 22192K, reserved 1048576K
Event: 4114.940 GC heap after
Heap after GC invocations=32 (full 4):
 PSYoungGen      total 552448K, used 11175K [0x00000000d5580000, 0x00000000fce00000, 0x0000000100000000)
  eden space 498176K, 0% used [0x00000000d5580000,0x00000000d5580000,0x00000000f3c00000)
  from space 54272K, 20% used [0x00000000f7000000,0x00000000f7ae9fc0,0x00000000fa500000)
  to   space 53248K, 0% used [0x00000000f3c00000,0x00000000f3c00000,0x00000000f7000000)
 ParOldGen       total 389120K, used 171080K [0x0000000080000000, 0x0000000097c00000, 0x00000000d5580000)
  object space 389120K, 43% used [0x0000000080000000,0x000000008a712308,0x0000000097c00000)
 Metaspace       used 153489K, capacity 164333K, committed 164336K, reserved 1191936K
  class space    used 20224K, capacity 22189K, committed 22192K, reserved 1048576K
}
Event: 4114.941 GC heap before
{Heap before GC invocations=33 (full 5):
 PSYoungGen      total 552448K, used 11175K [0x00000000d5580000, 0x00000000fce00000, 0x0000000100000000)
  eden space 498176K, 0% used [0x00000000d5580000,0x00000000d5580000,0x00000000f3c00000)
  from space 54272K, 20% used [0x00000000f7000000,0x00000000f7ae9fc0,0x00000000fa500000)
  to   space 53248K, 0% used [0x00000000f3c00000,0x00000000f3c00000,0x00000000f7000000)
 ParOldGen       total 389120K, used 171080K [0x0000000080000000, 0x0000000097c00000, 0x00000000d5580000)
  object space 389120K, 43% used [0x0000000080000000,0x000000008a712308,0x0000000097c00000)
 Metaspace       used 153489K, capacity 164333K, committed 164336K, reserved 1191936K
  class space    used 20224K, capacity 22189K, committed 22192K, reserved 1048576K
Event: 4115.227 GC heap after
Heap after GC invocations=33 (full 5):
 PSYoungGen      total 552448K, used 0K [0x00000000d5580000, 0x00000000fce00000, 0x0000000100000000)
  eden space 498176K, 0% used [0x00000000d5580000,0x00000000d5580000,0x00000000f3c00000)
  from space 54272K, 0% used [0x00000000f7000000,0x00000000f7000000,0x00000000fa500000)
  to   space 53248K, 0% used [0x00000000f3c00000,0x00000000f3c00000,0x00000000f7000000)
 ParOldGen       total 451072K, used 74524K [0x0000000080000000, 0x000000009b880000, 0x00000000d5580000)
  object space 451072K, 16% used [0x0000000080000000,0x00000000848c73d8,0x000000009b880000)
 Metaspace       used 147665K, capacity 154089K, committed 164336K, reserved 1191936K
  class space    used 19070K, capacity 20232K, committed 22192K, reserved 1048576K
}
Event: 10902.496 GC heap before
{Heap before GC invocations=34 (full 5):
 PSYoungGen      total 552448K, used 498176K [0x00000000d5580000, 0x00000000fce00000, 0x0000000100000000)
  eden space 498176K, 100% used [0x00000000d5580000,0x00000000f3c00000,0x00000000f3c00000)
  from space 54272K, 0% used [0x00000000f7000000,0x00000000f7000000,0x00000000fa500000)
  to   space 53248K, 0% used [0x00000000f3c00000,0x00000000f3c00000,0x00000000f7000000)
 ParOldGen       total 451072K, used 74524K [0x0000000080000000, 0x000000009b880000, 0x00000000d5580000)
  object space 451072K, 16% used [0x0000000080000000,0x00000000848c73d8,0x000000009b880000)
 Metaspace       used 149097K, capacity 156243K, committed 164336K, reserved 1191936K
  class space    used 19261K, capacity 20604K, committed 22192K, reserved 1048576K
Event: 10902.561 GC heap after
Heap after GC invocations=34 (full 5):
 PSYoungGen      total 551424K, used 14350K [0x00000000d5580000, 0x00000000ffc00000, 0x0000000100000000)
  eden space 498176K, 0% used [0x00000000d5580000,0x00000000d5580000,0x00000000f3c00000)
  from space 53248K, 26% used [0x00000000f3c00000,0x00000000f4a03b48,0x00000000f7000000)
  to   space 51712K, 0% used [0x00000000fc980000,0x00000000fc980000,0x00000000ffc00000)
 ParOldGen       total 451072K, used 74532K [0x0000000080000000, 0x000000009b880000, 0x00000000d5580000)
  object space 451072K, 16% used [0x0000000080000000,0x00000000848c93d8,0x000000009b880000)
 Metaspace       used 149097K, capacity 156243K, committed 164336K, reserved 1191936K
  class space    used 19261K, capacity 20604K, committed 22192K, reserved 1048576K
}
Event: 10904.989 GC heap before
{Heap before GC invocations=35 (full 5):
 PSYoungGen      total 551424K, used 512526K [0x00000000d5580000, 0x00000000ffc00000, 0x0000000100000000)
  eden space 498176K, 100% used [0x00000000d5580000,0x00000000f3c00000,0x00000000f3c00000)
  from space 53248K, 26% used [0x00000000f3c00000,0x00000000f4a03b48,0x00000000f7000000)
  to   space 51712K, 0% used [0x00000000fc980000,0x00000000fc980000,0x00000000ffc00000)
 ParOldGen       total 451072K, used 74532K [0x0000000080000000, 0x000000009b880000, 0x00000000d5580000)
  object space 451072K, 16% used [0x0000000080000000,0x00000000848c93d8,0x000000009b880000)
 Metaspace       used 149786K, capacity 156949K, committed 164336K, reserved 1191936K
  class space    used 19334K, capacity 20703K, committed 22192K, reserved 1048576K
Event: 10905.056 GC heap after
Heap after GC invocations=35 (full 5):
 PSYoungGen      total 619520K, used 51705K [0x00000000d5580000, 0x0000000100000000, 0x0000000100000000)
  eden space 567808K, 0% used [0x00000000d5580000,0x00000000d5580000,0x00000000f8000000)
  from space 51712K, 99% used [0x00000000fc980000,0x00000000ffbfe6f8,0x00000000ffc00000)
  to   space 65536K, 0% used [0x00000000f8000000,0x00000000f8000000,0x00000000fc000000)
 ParOldGen       total 451072K, used 90310K [0x0000000080000000, 0x000000009b880000, 0x00000000d5580000)
  object space 451072K, 20% used [0x0000000080000000,0x00000000858318c0,0x000000009b880000)
 Metaspace       used 149786K, capacity 156949K, committed 164336K, reserved 1191936K
  class space    used 19334K, capacity 20703K, committed 22192K, reserved 1048576K
}

Deoptimization events (10 events):
Event: 10904.843 Thread 0x0000000020ba7800 Uncommon trap: reason=unstable_if action=reinterpret pc=0x0000000003dfd274 method=com.android.tools.r8.B.a.a.f.a(II[C)Ljava/lang/String; @ 32
Event: 10904.843 Thread 0x0000000020ba7800 Uncommon trap: reason=unstable_if action=reinterpret pc=0x000000000651a388 method=com.android.tools.r8.graph.e0.a(C)I @ 1
Event: 10904.944 Thread 0x0000000020ba3000 Uncommon trap: reason=unstable_if action=reinterpret pc=0x00000000075ddd98 method=com.android.tools.r8.ir.regalloc.b.c(I)Lcom/android/tools/r8/ir/regalloc/b; @ 132
Event: 10904.947 Thread 0x0000000020ba3000 Uncommon trap: reason=unstable_if action=reinterpret pc=0x0000000006eb8930 method=com.android.tools.r8.ir.regalloc.b.c(I)Lcom/android/tools/r8/ir/regalloc/b; @ 132
Event: 10905.077 Thread 0x0000000025871800 Uncommon trap: reason=unstable_if action=reinterpret pc=0x0000000007611b0c method=com.android.tools.r8.ir.conversion.o.a(Lcom/android/tools/r8/ir/conversion/N;IZ)V @ 348
Event: 10905.079 Thread 0x0000000029e24000 Uncommon trap: reason=unstable_if action=reinterpret pc=0x0000000005f44dcc method=com.android.tools.r8.u.b.a0.a(Lcom/android/tools/r8/u/b/h0;)V @ 8
Event: 10905.141 Thread 0x0000000029e24000 Uncommon trap: reason=class_check action=maybe_recompile pc=0x0000000006592b78 method=com.android.tools.r8.v.a.a.a.f.U.equals(Ljava/lang/Object;)Z @ 1
Event: 10905.143 Thread 0x0000000020ba6800 Uncommon trap: reason=bimorphic action=maybe_recompile pc=0x0000000007571cf8 method=com.android.tools.r8.ir.regalloc.a.a(Lcom/android/tools/r8/u/b/m1;Ljava/util/Collection;)Z @ 1
Event: 10905.143 Thread 0x0000000020ba6800 Uncommon trap: reason=bimorphic action=maybe_recompile pc=0x0000000007571cf8 method=com.android.tools.r8.ir.regalloc.a.a(Lcom/android/tools/r8/u/b/m1;Ljava/util/Collection;)Z @ 1
Event: 10905.154 Thread 0x0000000029e24000 Uncommon trap: reason=unstable_if action=reinterpret pc=0x00000000075714ec method=com.android.tools.r8.ir.regalloc.a.a(Lcom/android/tools/r8/u/b/h0;Lcom/android/tools/r8/ir/regalloc/a$b;)Z @ 75

Classes redefined (0 events):
No events

Internal exceptions (10 events):
Event: 10904.595 Thread 0x0000000020ba3800 Exception <a 'sun/nio/fs/WindowsException'> (0x00000000e1669898) thrown at [C:\src\AOSP-openjdk-git\hotspot\src\share\vm\prims\jni.cpp, line 710]
Event: 10904.619 Thread 0x0000000020ba3800 Exception <a 'sun/nio/fs/WindowsException'> (0x00000000e397b700) thrown at [C:\src\AOSP-openjdk-git\hotspot\src\share\vm\prims\jni.cpp, line 710]
Event: 10904.690 Thread 0x0000000020ba7800 Exception <a 'sun/nio/fs/WindowsException'> (0x00000000e6cb8b68) thrown at [C:\src\AOSP-openjdk-git\hotspot\src\share\vm\prims\jni.cpp, line 710]
Event: 10904.719 Thread 0x0000000029e24000 Exception <a 'sun/nio/fs/WindowsException'> (0x00000000e83c5738) thrown at [C:\src\AOSP-openjdk-git\hotspot\src\share\vm\prims\jni.cpp, line 710]
Event: 10904.888 Thread 0x0000000020ba3800 Exception <a 'sun/nio/fs/WindowsException'> (0x00000000ee783a10) thrown at [C:\src\AOSP-openjdk-git\hotspot\src\share\vm\prims\jni.cpp, line 710]
Event: 10904.911 Thread 0x0000000029e24000 Exception <a 'sun/nio/fs/WindowsException'> (0x00000000f005aa68) thrown at [C:\src\AOSP-openjdk-git\hotspot\src\share\vm\prims\jni.cpp, line 710]
Event: 10904.966 Thread 0x0000000020ba9800 Exception <a 'sun/nio/fs/WindowsException'> (0x00000000f291cd60) thrown at [C:\src\AOSP-openjdk-git\hotspot\src\share\vm\prims\jni.cpp, line 710]
Event: 10905.125 Thread 0x0000000020ba9000 Exception <a 'sun/nio/fs/WindowsException'> (0x00000000d8645c58) thrown at [C:\src\AOSP-openjdk-git\hotspot\src\share\vm\prims\jni.cpp, line 710]
Event: 10905.176 Thread 0x0000000020ba9800 Exception <a 'sun/nio/fs/WindowsException'> (0x00000000dadb2710) thrown at [C:\src\AOSP-openjdk-git\hotspot\src\share\vm\prims\jni.cpp, line 710]
Event: 10905.229 Thread 0x0000000020ba8000 Exception <a 'sun/nio/fs/WindowsException'> (0x00000000dc8ec378) thrown at [C:\src\AOSP-openjdk-git\hotspot\src\share\vm\prims\jni.cpp, line 710]

Events (10 events):
Event: 10905.207 Thread 0x0000000020ba8000 DEOPT PACKING pc=0x00000000068a2706 sp=0x000000002f5fa9a0
Event: 10905.208 Thread 0x0000000020ba8000 DEOPT UNPACKING pc=0x00000000030075d0 sp=0x000000002f5fa718 mode 0
Event: 10905.209 loading class com/android/tools/r8/ir/conversion/N$a
Event: 10905.209 loading class com/android/tools/r8/ir/conversion/N$a done
Event: 10905.211 Thread 0x0000000020ba8000 DEOPT PACKING pc=0x0000000006897efe sp=0x000000002f5fa2d0
Event: 10905.211 Thread 0x0000000020ba8000 DEOPT UNPACKING pc=0x00000000030075d0 sp=0x000000002f5fa040 mode 0
Event: 10905.211 Thread 0x0000000020ba8000 DEOPT PACKING pc=0x00000000068a2706 sp=0x000000002f5fa270
Event: 10905.211 Thread 0x0000000020ba8000 DEOPT UNPACKING pc=0x00000000030075d0 sp=0x000000002f5f9fe8 mode 0
Event: 10905.222 Thread 0x0000000019967000 flushing nmethod 0x0000000004c825d0
Event: 10905.222 Thread 0x0000000019967000 flushing nmethod 0x0000000004ca3090


Dynamic libraries:
0x00007ff632fd0000 - 0x00007ff633001000 	C:\Program Files\Android\Android Studio\jre\bin\java.exe
0x00007ffac27b0000 - 0x00007ffac29ae000 	C:\WINDOWS\SYSTEM32\ntdll.dll
0x00007ffac0ed0000 - 0x00007ffac0f8c000 	C:\WINDOWS\System32\KERNEL32.DLL
0x00007ffac03b0000 - 0x00007ffac06ee000 	C:\WINDOWS\System32\KERNELBASE.dll
0x00007ffabd490000 - 0x00007ffabd522000 	C:\WINDOWS\SYSTEM32\apphelp.dll
0x00007ffac1430000 - 0x00007ffac14db000 	C:\WINDOWS\System32\ADVAPI32.dll
0x00007ffac0760000 - 0x00007ffac0802000 	C:\WINDOWS\System32\msvcrt.dll
0x00007ffac21e0000 - 0x00007ffac2282000 	C:\WINDOWS\System32\sechost.dll
0x00007ffac0da0000 - 0x00007ffac0ec3000 	C:\WINDOWS\System32\RPCRT4.dll
0x00007ffac0810000 - 0x00007ffac09b9000 	C:\WINDOWS\System32\USER32.dll
0x00007ffabff90000 - 0x00007ffabffb6000 	C:\WINDOWS\System32\win32u.dll
0x00007ffac0f90000 - 0x00007ffac0fbb000 	C:\WINDOWS\System32\GDI32.dll
0x00007ffabfe80000 - 0x00007ffabff8a000 	C:\WINDOWS\System32\gdi32full.dll
0x00007ffabffc0000 - 0x00007ffac0067000 	C:\WINDOWS\System32\msvcp_win.dll
0x00007ffac00e0000 - 0x00007ffac01f3000 	C:\WINDOWS\System32\ucrtbase.dll
0x00007ffa9abc0000 - 0x00007ffa9ae66000 	C:\WINDOWS\WinSxS\amd64_microsoft.windows.common-controls_6595b64144ccf1df_6.0.20170.1000_none_8bf1b35b2ca93e81\COMCTL32.dll
0x00007ffac2630000 - 0x00007ffac2661000 	C:\WINDOWS\System32\IMM32.DLL
0x000000005c6f0000 - 0x000000005c7c2000 	C:\Program Files\Android\Android Studio\jre\jre\bin\msvcr100.dll
0x000000005bb90000 - 0x000000005c3db000 	C:\Program Files\Android\Android Studio\jre\jre\bin\server\jvm.dll
0x00007ffac2760000 - 0x00007ffac2768000 	C:\WINDOWS\System32\PSAPI.DLL
0x00007ffaba170000 - 0x00007ffaba17a000 	C:\WINDOWS\SYSTEM32\VERSION.dll
0x00007ffaa8e90000 - 0x00007ffaa8eb8000 	C:\WINDOWS\SYSTEM32\WINMM.dll
0x00007ffabbc20000 - 0x00007ffabbc2a000 	C:\WINDOWS\SYSTEM32\WSOCK32.dll
0x00007ffac25b0000 - 0x00007ffac2621000 	C:\WINDOWS\System32\WS2_32.dll
0x00007ffabb4a0000 - 0x00007ffabb4af000 	C:\Program Files\Android\Android Studio\jre\jre\bin\verify.dll
0x00007ffaadf30000 - 0x00007ffaadf59000 	C:\Program Files\Android\Android Studio\jre\jre\bin\java.dll
0x00007ffaadd10000 - 0x00007ffaadd26000 	C:\Program Files\Android\Android Studio\jre\jre\bin\zip.dll
0x00007ffac1580000 - 0x00007ffac1d06000 	C:\WINDOWS\System32\SHELL32.dll
0x00007ffabdda0000 - 0x00007ffabe63f000 	C:\WINDOWS\SYSTEM32\windows.storage.dll
0x00007ffac1e00000 - 0x00007ffac217c000 	C:\WINDOWS\System32\combase.dll
0x00007ffac23d0000 - 0x00007ffac2490000 	C:\WINDOWS\System32\SHCORE.dll
0x00007ffac2180000 - 0x00007ffac21d7000 	C:\WINDOWS\System32\shlwapi.dll
0x00007ffabfc80000 - 0x00007ffabfca0000 	C:\WINDOWS\SYSTEM32\profapi.dll
0x00007ffaad560000 - 0x00007ffaad57a000 	C:\Program Files\Android\Android Studio\jre\jre\bin\net.dll
0x00007ffabf4c0000 - 0x00007ffabf528000 	C:\WINDOWS\system32\mswsock.dll
0x00007ffaad540000 - 0x00007ffaad553000 	C:\Program Files\Android\Android Studio\jre\jre\bin\nio.dll
0x00007ffaac450000 - 0x00007ffaac476000 	C:\Users\MSI\.gradle\native\31\windows-amd64\native-platform.dll
0x00007ffab98f0000 - 0x00007ffab98fd000 	C:\Program Files\Android\Android Studio\jre\jre\bin\management.dll
0x00007ffabf710000 - 0x00007ffabf728000 	C:\WINDOWS\SYSTEM32\CRYPTSP.dll
0x00007ffabee40000 - 0x00007ffabee75000 	C:\WINDOWS\system32\rsaenh.dll
0x00007ffabf5b0000 - 0x00007ffabf5de000 	C:\WINDOWS\SYSTEM32\USERENV.dll
0x00007ffabf850000 - 0x00007ffabf877000 	C:\WINDOWS\SYSTEM32\bcrypt.dll
0x00007ffabfe00000 - 0x00007ffabfe79000 	C:\WINDOWS\System32\bcryptprimitives.dll
0x00007ffabf700000 - 0x00007ffabf70c000 	C:\WINDOWS\SYSTEM32\CRYPTBASE.dll
0x00007ffabf170000 - 0x00007ffabf19d000 	C:\WINDOWS\SYSTEM32\IPHLPAPI.DLL
0x00007ffac1560000 - 0x00007ffac1569000 	C:\WINDOWS\System32\NSI.dll
0x00007ffab99b0000 - 0x00007ffab99c7000 	C:\WINDOWS\SYSTEM32\dhcpcsvc6.DLL
0x00007ffab9920000 - 0x00007ffab993d000 	C:\WINDOWS\SYSTEM32\dhcpcsvc.DLL
0x00007ffabf1a0000 - 0x00007ffabf273000 	C:\WINDOWS\SYSTEM32\DNSAPI.dll
0x00007ffaac6d0000 - 0x00007ffaac6f4000 	C:\Program Files\Android\Android Studio\jre\jre\bin\sunec.dll
0x00007ffab7f60000 - 0x00007ffab7f6a000 	C:\Windows\System32\rasadhlp.dll
0x00007ffabae40000 - 0x00007ffabaec1000 	C:\WINDOWS\System32\fwpuclnt.dll
0x00007ffab8e60000 - 0x00007ffab8e6b000 	C:\Program Files\Android\Android Studio\jre\jre\bin\sunmscapi.dll
0x00007ffac0200000 - 0x00007ffac0355000 	C:\WINDOWS\System32\CRYPT32.dll
0x00007ffabd750000 - 0x00007ffabd783000 	C:\WINDOWS\SYSTEM32\ntmarta.dll

VM Arguments:
jvm_args: -Xmx2048m -Dfile.encoding=windows-1258 -Duser.country=US -Duser.language=en -Duser.variant 
java_command: org.gradle.launcher.daemon.bootstrap.GradleDaemon 6.1.1
java_class_path (initial): C:\Users\MSI\.gradle\wrapper\dists\gradle-6.1.1-all\cfmwm155h49vnt3hynmlrsdst\gradle-6.1.1\lib\gradle-launcher-6.1.1.jar
Launcher Type: SUN_STANDARD

Environment Variables:
JAVA_HOME=C:\Users\MSI\AppData\Local\Programs\AdoptOpenJDK\
PATH=C:\Program Files (x86)\Common Files\Oracle\Java\javapath;C:\WINDOWS\system32;C:\WINDOWS;C:\WINDOWS\System32\Wbem;C:\WINDOWS\System32\WindowsPowerShell\v1.0\;C:\WINDOWS\System32\OpenSSH\;C:\Program Files (x86)\Yarn\bin\;C:\Users\MSI\AppData\Roaming\nvm;C:\Program Files\nodejs;C:\Program Files (x86)\mingw-w64\i686-8.1.0-posix-dwarf-rt_v6-rev0\mingw32\bin;C:\Program Files\Java\jdk-14.0.1\bin;C:\Program Files\Microsoft SQL Server\Client SDK\ODBC\170\Tools\Binn\;C:\Program Files (x86)\Microsoft SQL Server\150\Tools\Binn\;C:\Program Files\Microsoft SQL Server\150\Tools\Binn\;C:\Program Files\Microsoft SQL Server\150\DTS\Binn\;C:\Program Files\Git\cmd;E:\common files\Polyspace\R2019b\bin;C:\Program Files (x86)\Microsoft SQL Server\150\DTS\Binn\;C:\Users\MSI\AppData\Local\Programs\AdoptOpenJDK\bin;C:\Users\MSI\AppData\Local\Microsoft\WindowsApps;C:\Users\MSI\AppData\Local\Yarn\bin;C:\Users\MSI\AppData\Roaming\npm;C:\Users\MSI\AppData\Roaming\nvm;C:\Program Files\nodejs;C:\Users\MSI\AppData\Local\Programs\Microsoft VS Code\bin;C:\Program Files\JetBrains\IntelliJ IDEA Community Edition 2020.1.3\bin;;
USERNAME=MSI
OS=Windows_NT
PROCESSOR_IDENTIFIER=Intel64 Family 6 Model 158 Stepping 10, GenuineIntel



---------------  S Y S T E M  ---------------

OS: Windows 10.0 , 64 bit Build 20170 (10.0.20170.1000)

CPU:total 12 (initial active 12) (6 cores per cpu, 2 threads per core) family 6 model 158 stepping 10, cmov, cx8, fxsr, mmx, sse, sse2, sse3, ssse3, sse4.1, sse4.2, popcnt, avx, avx2, aes, clmul, erms, 3dnowpref, lzcnt, ht, tsc, tscinvbit, bmi1, bmi2, adx

Memory: 4k page, physical 16619276k(1088628k free), swap 21706508k(584k free)

vm_info: OpenJDK 64-Bit Server VM (25.242-b01) for windows-amd64 JRE (1.8.0_242-release-1644-b01), built by "builder" with MS VC++ 10.0 (VS2010)

time: Fri Oct 09 20:26:42 2020
timezone: SE Asia Standard Time
elapsed time: 10905 seconds (0d 3h 1m 45s)

